
Currently Loaded Modules:
  1) gmp/6.2.1-fasrc01       7) szip/2.1.1-fasrc01
  2) mpfr/4.2.0-fasrc01      8) hdf5/1.14.0-fasrc01
  3) mpc/1.3.1-fasrc01       9) netcdf-c/4.9.2-fasrc01
  4) gcc/12.2.0-fasrc01     10) netcdf-fortran/4.6.0-fasrc02
  5) openmpi/4.1.4-fasrc01  11) flex/2.6.4-fasrc01
  6) zlib/1.2.13-fasrc01    12) cmake/3.25.2-fasrc01

 


Environment:

CC                  : gcc
CXX                 : g++
FC                  : gfortran
KPP_FLEX_LIB_DIR    : /n/sw/helmod-rocky8/apps/Core/flex/2.6.4-fasrc01/lib64
MPI_HOME            : /n/sw/helmod-rocky8/apps/Comp/gcc/12.2.0-fasrc01/openmpi/4.1.4-fasrc01
NETCDF_HOME         : /n/sw/helmod-rocky8/apps/MPI/gcc/12.2.0-fasrc01/openmpi/4.1.4-fasrc01/netcdf-c/4.9.2-fasrc01
NETCDF_FORTRAN_HOME : /n/sw/helmod-rocky8/apps/MPI/gcc/12.2.0-fasrc01/openmpi/4.1.4-fasrc01/netcdf-fortran/4.6.0-fasrc02
OMP_NUM_THREADS     : 1

Done sourcing ../../integrated_methane_inversion/envs/Harvard-Cannon/gcclassic.rocky+gnu12.minimal.env
2018-07-01
2018-08-01
2018-09-01
2018-10-01
2018-11-01
2018-12-01
2019-01-01
2019-02-01
2019-03-01
2019-04-01
2019-05-01
2019-06-01
2019-07-01
2019-08-01
